<?xml version="1.0" encoding="UTF-8"?>
<!-- Generated by org.testng.reporters.JUnitReportReporter -->
<testsuite hostname="PRAVEEN-PC" failures="0" tests="4" name="com.bookmyshow.MovieBooking" time="87.706" errors="0" timestamp="10 Jun 2024 17:29:06 GMT">
  <testcase classname="com.bookmyshow.MovieBooking" name="movieToWatch" time="3.910"/>
  <testcase classname="com.bookmyshow.MovieBooking" name="bookMovie" time="23.861"/>
  <testcase classname="com.bookmyshow.MovieBooking" name="applicationLaunch" time="56.067"/>
  <testcase classname="com.bookmyshow.MovieBooking" name="theatreLocation" time="3.868"/>
</testsuite> <!-- com.bookmyshow.MovieBooking -->
